  [1m[36m (18.4ms)[0m  [1mCREATE TABLE "schema_migrations" ("version" varchar NOT NULL) [0m
  [1m[35m (0.1ms)[0m  select sqlite_version(*)
  [1m[36m (13.4ms)[0m  [1mCREATE UNIQUE INDEX "unique_schema_migrations" ON "schema_migrations" ("version")[0m
  [1m[35mActiveRecord::SchemaMigration Load (0.1ms)[0m  SELECT "schema_migrations".* FROM "schema_migrations"
Migrating to CreateMovies (20160621180346)
  [1m[36m (0.1ms)[0m  [1mbegin transaction[0m
  [1m[35m (0.4ms)[0m  CREATE TABLE "movies" ("id" INTEGER PRIMARY KEY AUTOINCREMENT NOT NULL, "title" varchar, "director" varchar, "runtime_in_minutes" integer, "description" text, "poster_image_url" varchar, "release_date" datetime, "created_at" datetime NOT NULL, "updated_at" datetime NOT NULL) 
  [1m[36mSQL (0.2ms)[0m  [1mINSERT INTO "schema_migrations" ("version") VALUES (?)[0m  [["version", "20160621180346"]]
  [1m[35m (9.7ms)[0m  commit transaction
  [1m[36mActiveRecord::SchemaMigration Load (0.1ms)[0m  [1mSELECT "schema_migrations".* FROM "schema_migrations"[0m


Started GET "/" for 127.0.0.1 at 2016-06-21 11:30:24 -0700
  [1m[36mActiveRecord::SchemaMigration Load (0.1ms)[0m  [1mSELECT "schema_migrations".* FROM "schema_migrations"[0m
Processing by Rails::WelcomeController#index as HTML
  Rendered /home/tristan/.rvm/gems/ruby-2.3.0-stable/gems/railties-4.2.6/lib/rails/templates/rails/welcome/index.html.erb (1.1ms)
Completed 200 OK in 14ms (Views: 7.1ms | ActiveRecord: 0.0ms)


Started GET "/movies" for 127.0.0.1 at 2016-06-21 11:30:30 -0700
Processing by MoviesController#index as HTML
  [1m[35mMovie Load (0.2ms)[0m  SELECT "movies".* FROM "movies"
  Rendered movies/index.html.erb within layouts/application (2.6ms)
Completed 200 OK in 800ms (Views: 797.3ms | ActiveRecord: 0.4ms)


Started GET "/assets/movies.self-e3b0c44298fc1c149afbf4c8996fb92427ae41e4649b934ca495991b7852b855.css?body=1" for 127.0.0.1 at 2016-06-21 11:30:31 -0700


Started GET "/assets/application.self-e80e8f2318043e8af94dddc2adad5a4f09739a8ebb323b3ab31cd71d45fd9113.css?body=1" for 127.0.0.1 at 2016-06-21 11:30:31 -0700


Started GET "/assets/jquery.self-660adc51e0224b731d29f575a6f1ec167ba08ad06ed5deca4f1e8654c135bf4c.js?body=1" for 127.0.0.1 at 2016-06-21 11:30:31 -0700


Started GET "/assets/turbolinks.self-c37727e9bd6b2735da5c311aa83fead54ed0be6cc8bd9a65309e9c5abe2cbfff.js?body=1" for 127.0.0.1 at 2016-06-21 11:30:31 -0700


Started GET "/assets/jquery_ujs.self-e87806d0cf4489aeb1bb7288016024e8de67fd18db693fe026fe3907581e53cd.js?body=1" for 127.0.0.1 at 2016-06-21 11:30:31 -0700


Started GET "/assets/movies.self-877aef30ae1b040ab8a3aba4e3e309a11d7f2612f44dde450b5c157aa5f95c05.js?body=1" for 127.0.0.1 at 2016-06-21 11:30:31 -0700


Started GET "/assets/application.self-3b8dabdc891efe46b9a144b400ad69e37d7e5876bdc39dee783419a69d7ca819.js?body=1" for 127.0.0.1 at 2016-06-21 11:30:31 -0700


Started GET "/movies/new" for 127.0.0.1 at 2016-06-21 11:30:41 -0700
Processing by MoviesController#new as HTML
  Rendered movies/new.html.erb within layouts/application (26.2ms)
Completed 200 OK in 61ms (Views: 45.7ms | ActiveRecord: 0.6ms)


Started POST "/movies" for 127.0.0.1 at 2016-06-21 11:31:42 -0700
Processing by MoviesController#create as HTML
  Parameters: {"utf8"=>"✓", "authenticity_token"=>"cQzX32+RaBByEEcmlHhBCK/dM+6S1skWjHgVjLVBa/MEzJYQTl2pA9GAlEwJfvDNvcAUFPqH9uXau/HsaZugnA==", "movie"=>{"title"=>"Star Wars", "release_date"=>"1991-11-08", "director"=>"", "runtime_in_minutes"=>"", "poster_image_url"=>"", "description"=>""}, "commit"=>"Submit"}
Unpermitted parameter: description
Completed 500 Internal Server Error in 5ms (ActiveRecord: 0.0ms)

ActionView::MissingTemplate (Missing template movies/create, application/create with {:locale=>[:en], :formats=>[:html], :variants=>[], :handlers=>[:erb, :builder, :raw, :ruby, :coffee, :jbuilder]}. Searched in:
  * "/home/tristan/LHL/w5/rotten_mangoes/app/views"
):
  actionview (4.2.6) lib/action_view/path_set.rb:46:in `find'
  actionview (4.2.6) lib/action_view/lookup_context.rb:121:in `find'
  actionview (4.2.6) lib/action_view/renderer/abstract_renderer.rb:18:in `find_template'
  actionview (4.2.6) lib/action_view/renderer/template_renderer.rb:40:in `determine_template'
  actionview (4.2.6) lib/action_view/renderer/template_renderer.rb:8:in `render'
  actionview (4.2.6) lib/action_view/renderer/renderer.rb:46:in `render_template'
  actionview (4.2.6) lib/action_view/renderer/renderer.rb:27:in `render'
  actionview (4.2.6) lib/action_view/rendering.rb:100:in `_render_template'
  actionpack (4.2.6) lib/action_controller/metal/streaming.rb:217:in `_render_template'
  actionview (4.2.6) lib/action_view/rendering.rb:83:in `render_to_body'
  actionpack (4.2.6) lib/action_controller/metal/rendering.rb:32:in `render_to_body'
  actionpack (4.2.6) lib/action_controller/metal/renderers.rb:37:in `render_to_body'
  actionpack (4.2.6) lib/abstract_controller/rendering.rb:25:in `render'
  actionpack (4.2.6) lib/action_controller/metal/rendering.rb:16:in `render'
  actionpack (4.2.6) lib/action_controller/metal/instrumentation.rb:44:in `block (2 levels) in render'
  activesupport (4.2.6) lib/active_support/core_ext/benchmark.rb:12:in `block in ms'
  /home/tristan/.rvm/rubies/ruby-2.3.0-stable/lib/ruby/2.3.0/benchmark.rb:308:in `realtime'
  activesupport (4.2.6) lib/active_support/core_ext/benchmark.rb:12:in `ms'
  actionpack (4.2.6) lib/action_controller/metal/instrumentation.rb:44:in `block in render'
  actionpack (4.2.6) lib/action_controller/metal/instrumentation.rb:87:in `cleanup_view_runtime'
  activerecord (4.2.6) lib/active_record/railties/controller_runtime.rb:25:in `cleanup_view_runtime'
  actionpack (4.2.6) lib/action_controller/metal/instrumentation.rb:43:in `render'
  actionpack (4.2.6) lib/action_controller/metal/implicit_render.rb:10:in `default_render'
  actionpack (4.2.6) lib/action_controller/metal/implicit_render.rb:5:in `send_action'
  actionpack (4.2.6) lib/abstract_controller/base.rb:198:in `process_action'
  actionpack (4.2.6) lib/action_controller/metal/rendering.rb:10:in `process_action'
  actionpack (4.2.6) lib/abstract_controller/callbacks.rb:20:in `block in process_action'
  activesupport (4.2.6) lib/active_support/callbacks.rb:117:in `call'
  activesupport (4.2.6) lib/active_support/callbacks.rb:555:in `block (2 levels) in compile'
  activesupport (4.2.6) lib/active_support/callbacks.rb:505:in `call'
  activesupport (4.2.6) lib/active_support/callbacks.rb:92:in `__run_callbacks__'
  activesupport (4.2.6) lib/active_support/callbacks.rb:778:in `_run_process_action_callbacks'
  activesupport (4.2.6) lib/active_support/callbacks.rb:81:in `run_callbacks'
  actionpack (4.2.6) lib/abstract_controller/callbacks.rb:19:in `process_action'
  actionpack (4.2.6) lib/action_controller/metal/rescue.rb:29:in `process_action'
  actionpack (4.2.6) lib/action_controller/metal/instrumentation.rb:32:in `block in process_action'
  activesupport (4.2.6) lib/active_support/notifications.rb:164:in `block in instrument'
  activesupport (4.2.6) lib/active_support/notifications/instrumenter.rb:20:in `instrument'
  activesupport (4.2.6) lib/active_support/notifications.rb:164:in `instrument'
  actionpack (4.2.6) lib/action_controller/metal/instrumentation.rb:30:in `process_action'
  actionpack (4.2.6) lib/action_controller/metal/params_wrapper.rb:250:in `process_action'
  activerecord (4.2.6) lib/active_record/railties/controller_runtime.rb:18:in `process_action'
  actionpack (4.2.6) lib/abstract_controller/base.rb:137:in `process'
  actionview (4.2.6) lib/action_view/rendering.rb:30:in `process'
  actionpack (4.2.6) lib/action_controller/metal.rb:196:in `dispatch'
  actionpack (4.2.6) lib/action_controller/metal/rack_delegation.rb:13:in `dispatch'
  actionpack (4.2.6) lib/action_controller/metal.rb:237:in `block in action'
  actionpack (4.2.6) lib/action_dispatch/routing/route_set.rb:74:in `dispatch'
  actionpack (4.2.6) lib/action_dispatch/routing/route_set.rb:43:in `serve'
  actionpack (4.2.6) lib/action_dispatch/journey/router.rb:43:in `block in serve'
  actionpack (4.2.6) lib/action_dispatch/journey/router.rb:30:in `each'
  actionpack (4.2.6) lib/action_dispatch/journey/router.rb:30:in `serve'
  actionpack (4.2.6) lib/action_dispatch/routing/route_set.rb:817:in `call'
  rack (1.6.4) lib/rack/etag.rb:24:in `call'
  rack (1.6.4) lib/rack/conditionalget.rb:38:in `call'
  rack (1.6.4) lib/rack/head.rb:13:in `call'
  actionpack (4.2.6) lib/action_dispatch/middleware/params_parser.rb:27:in `call'
  actionpack (4.2.6) lib/action_dispatch/middleware/flash.rb:260:in `call'
  rack (1.6.4) lib/rack/session/abstract/id.rb:225:in `context'
  rack (1.6.4) lib/rack/session/abstract/id.rb:220:in `call'
  actionpack (4.2.6) lib/action_dispatch/middleware/cookies.rb:560:in `call'
  activerecord (4.2.6) lib/active_record/query_cache.rb:36:in `call'
  activerecord (4.2.6) lib/active_record/connection_adapters/abstract/connection_pool.rb:653:in `call'
  activerecord (4.2.6) lib/active_record/migration.rb:377:in `call'
  actionpack (4.2.6) lib/action_dispatch/middleware/callbacks.rb:29:in `block in call'
  activesupport (4.2.6) lib/active_support/callbacks.rb:88:in `__run_callbacks__'
  activesupport (4.2.6) lib/active_support/callbacks.rb:778:in `_run_call_callbacks'
  activesupport (4.2.6) lib/active_support/callbacks.rb:81:in `run_callbacks'
  actionpack (4.2.6) lib/action_dispatch/middleware/callbacks.rb:27:in `call'
  actionpack (4.2.6) lib/action_dispatch/middleware/reloader.rb:73:in `call'
  actionpack (4.2.6) lib/action_dispatch/middleware/remote_ip.rb:78:in `call'
  actionpack (4.2.6) lib/action_dispatch/middleware/debug_exceptions.rb:17:in `call'
  web-console (2.3.0) lib/web_console/middleware.rb:28:in `block in call'
  web-console (2.3.0) lib/web_console/middleware.rb:18:in `catch'
  web-console (2.3.0) lib/web_console/middleware.rb:18:in `call'
  actionpack (4.2.6) lib/action_dispatch/middleware/show_exceptions.rb:30:in `call'
  railties (4.2.6) lib/rails/rack/logger.rb:38:in `call_app'
  railties (4.2.6) lib/rails/rack/logger.rb:20:in `block in call'
  activesupport (4.2.6) lib/active_support/tagged_logging.rb:68:in `block in tagged'
  activesupport (4.2.6) lib/active_support/tagged_logging.rb:26:in `tagged'
  activesupport (4.2.6) lib/active_support/tagged_logging.rb:68:in `tagged'
  railties (4.2.6) lib/rails/rack/logger.rb:20:in `call'
  actionpack (4.2.6) lib/action_dispatch/middleware/request_id.rb:21:in `call'
  rack (1.6.4) lib/rack/methodoverride.rb:22:in `call'
  rack (1.6.4) lib/rack/runtime.rb:18:in `call'
  activesupport (4.2.6) lib/active_support/cache/strategy/local_cache_middleware.rb:28:in `call'
  rack (1.6.4) lib/rack/lock.rb:17:in `call'
  actionpack (4.2.6) lib/action_dispatch/middleware/static.rb:120:in `call'
  rack (1.6.4) lib/rack/sendfile.rb:113:in `call'
  railties (4.2.6) lib/rails/engine.rb:518:in `call'
  railties (4.2.6) lib/rails/application.rb:165:in `call'
  rack (1.6.4) lib/rack/lock.rb:17:in `call'
  rack (1.6.4) lib/rack/content_length.rb:15:in `call'
  rack (1.6.4) lib/rack/handler/webrick.rb:88:in `service'
  /home/tristan/.rvm/rubies/ruby-2.3.0-stable/lib/ruby/2.3.0/webrick/httpserver.rb:140:in `service'
  /home/tristan/.rvm/rubies/ruby-2.3.0-stable/lib/ruby/2.3.0/webrick/httpserver.rb:96:in `run'
  /home/tristan/.rvm/rubies/ruby-2.3.0-stable/lib/ruby/2.3.0/webrick/server.rb:296:in `block in start_thread'


  Rendered /home/tristan/.rvm/gems/ruby-2.3.0-stable/gems/actionpack-4.2.6/lib/action_dispatch/middleware/templates/rescues/_source.erb (6.0ms)
  Rendered /home/tristan/.rvm/gems/ruby-2.3.0-stable/gems/actionpack-4.2.6/lib/action_dispatch/middleware/templates/rescues/_trace.html.erb (2.4ms)
  Rendered /home/tristan/.rvm/gems/ruby-2.3.0-stable/gems/actionpack-4.2.6/lib/action_dispatch/middleware/templates/rescues/_request_and_response.html.erb (1.2ms)
  Rendered /home/tristan/.rvm/gems/ruby-2.3.0-stable/gems/actionpack-4.2.6/lib/action_dispatch/middleware/templates/rescues/missing_template.html.erb within rescues/layout (22.2ms)
  Rendered /home/tristan/.rvm/gems/ruby-2.3.0-stable/gems/web-console-2.3.0/lib/web_console/templates/_markup.html.erb (0.3ms)
  Rendered /home/tristan/.rvm/gems/ruby-2.3.0-stable/gems/web-console-2.3.0/lib/web_console/templates/_inner_console_markup.html.erb within layouts/inlined_string (0.4ms)
  Rendered /home/tristan/.rvm/gems/ruby-2.3.0-stable/gems/web-console-2.3.0/lib/web_console/templates/_prompt_box_markup.html.erb within layouts/inlined_string (0.2ms)
  Rendered /home/tristan/.rvm/gems/ruby-2.3.0-stable/gems/web-console-2.3.0/lib/web_console/templates/style.css.erb within layouts/inlined_string (0.3ms)
  Rendered /home/tristan/.rvm/gems/ruby-2.3.0-stable/gems/web-console-2.3.0/lib/web_console/templates/console.js.erb within layouts/javascript (15.2ms)
  Rendered /home/tristan/.rvm/gems/ruby-2.3.0-stable/gems/web-console-2.3.0/lib/web_console/templates/main.js.erb within layouts/javascript (0.2ms)
  Rendered /home/tristan/.rvm/gems/ruby-2.3.0-stable/gems/web-console-2.3.0/lib/web_console/templates/error_page.js.erb within layouts/javascript (0.7ms)
  Rendered /home/tristan/.rvm/gems/ruby-2.3.0-stable/gems/web-console-2.3.0/lib/web_console/templates/index.html.erb (32.2ms)


Started POST "/movies" for 127.0.0.1 at 2016-06-21 11:33:55 -0700
Processing by MoviesController#create as HTML
  Parameters: {"utf8"=>"✓", "authenticity_token"=>"cQzX32+RaBByEEcmlHhBCK/dM+6S1skWjHgVjLVBa/MEzJYQTl2pA9GAlEwJfvDNvcAUFPqH9uXau/HsaZugnA==", "movie"=>{"title"=>"Star Wars", "release_date"=>"1991-11-08", "director"=>"", "runtime_in_minutes"=>"", "poster_image_url"=>"", "description"=>""}, "commit"=>"Submit"}
Unpermitted parameter: description
  [1m[36m (0.1ms)[0m  [1mbegin transaction[0m
  [1m[35mSQL (0.5ms)[0m  INSERT INTO "movies" ("title", "release_date", "director", "poster_image_url", "created_at", "updated_at") VALUES (?, ?, ?, ?, ?, ?)  [["title", "Star Wars"], ["release_date", "1991-11-08 00:00:00.000000"], ["director", ""], ["poster_image_url", ""], ["created_at", "2016-06-21 18:33:55.224851"], ["updated_at", "2016-06-21 18:33:55.224851"]]
  [1m[36m (18.5ms)[0m  [1mcommit transaction[0m
Redirected to http://localhost:3000/movies
Completed 302 Found in 37ms (ActiveRecord: 19.7ms)


Started GET "/movies" for 127.0.0.1 at 2016-06-21 11:33:55 -0700
Processing by MoviesController#index as HTML
  [1m[35mMovie Load (0.2ms)[0m  SELECT "movies".* FROM "movies"
  Rendered movies/index.html.erb within layouts/application (1.6ms)
Completed 200 OK in 29ms (Views: 27.5ms | ActiveRecord: 0.2ms)


Started GET "/assets/movies.self-e3b0c44298fc1c149afbf4c8996fb92427ae41e4649b934ca495991b7852b855.css?body=1" for 127.0.0.1 at 2016-06-21 11:33:55 -0700


Started GET "/assets/jquery_ujs.self-e87806d0cf4489aeb1bb7288016024e8de67fd18db693fe026fe3907581e53cd.js?body=1" for 127.0.0.1 at 2016-06-21 11:33:55 -0700


Started GET "/assets/turbolinks.self-c37727e9bd6b2735da5c311aa83fead54ed0be6cc8bd9a65309e9c5abe2cbfff.js?body=1" for 127.0.0.1 at 2016-06-21 11:33:55 -0700


Started GET "/assets/jquery.self-660adc51e0224b731d29f575a6f1ec167ba08ad06ed5deca4f1e8654c135bf4c.js?body=1" for 127.0.0.1 at 2016-06-21 11:33:55 -0700


Started GET "/assets/application.self-e80e8f2318043e8af94dddc2adad5a4f09739a8ebb323b3ab31cd71d45fd9113.css?body=1" for 127.0.0.1 at 2016-06-21 11:33:55 -0700


Started GET "/assets/movies.self-877aef30ae1b040ab8a3aba4e3e309a11d7f2612f44dde450b5c157aa5f95c05.js?body=1" for 127.0.0.1 at 2016-06-21 11:33:55 -0700


Started GET "/assets/application.self-3b8dabdc891efe46b9a144b400ad69e37d7e5876bdc39dee783419a69d7ca819.js?body=1" for 127.0.0.1 at 2016-06-21 11:33:55 -0700


Started GET "/" for 127.0.0.1 at 2016-06-21 12:25:01 -0700
  [1m[36mActiveRecord::SchemaMigration Load (0.1ms)[0m  [1mSELECT "schema_migrations".* FROM "schema_migrations"[0m
Processing by Rails::WelcomeController#index as HTML
  Rendered /home/tristan/.rvm/gems/ruby-2.3.0-stable/gems/railties-4.2.6/lib/rails/templates/rails/welcome/index.html.erb (1.3ms)
Completed 200 OK in 14ms (Views: 6.8ms | ActiveRecord: 0.0ms)


Started GET "/movies" for 127.0.0.1 at 2016-06-21 12:25:07 -0700
Processing by MoviesController#index as HTML
  [1m[35mMovie Load (0.2ms)[0m  SELECT "movies".* FROM "movies"
  Rendered movies/index.html.erb within layouts/application (10.7ms)
Completed 200 OK in 239ms (Views: 236.0ms | ActiveRecord: 0.6ms)


Started GET "/movies" for 127.0.0.1 at 2016-06-21 12:25:20 -0700

SyntaxError (/home/tristan/LHL/w5/rotten_mangoes/config/routes.rb:4: syntax error, unexpected =>, expecting keyword_end
  root => :movies
         ^):
  config/routes.rb:4: syntax error, unexpected =>, expecting keyword_end


  Rendered /home/tristan/.rvm/gems/ruby-2.3.0-stable/gems/actionpack-4.2.6/lib/action_dispatch/middleware/templates/rescues/_source.erb (4.3ms)
  Rendered /home/tristan/.rvm/gems/ruby-2.3.0-stable/gems/actionpack-4.2.6/lib/action_dispatch/middleware/templates/rescues/_trace.html.erb (1.9ms)
  Rendered /home/tristan/.rvm/gems/ruby-2.3.0-stable/gems/actionpack-4.2.6/lib/action_dispatch/middleware/templates/rescues/_request_and_response.html.erb (1.1ms)
  Rendered /home/tristan/.rvm/gems/ruby-2.3.0-stable/gems/actionpack-4.2.6/lib/action_dispatch/middleware/templates/rescues/diagnostics.html.erb within rescues/layout (22.6ms)
  Rendered /home/tristan/.rvm/gems/ruby-2.3.0-stable/gems/web-console-2.3.0/lib/web_console/templates/_markup.html.erb (0.4ms)
  Rendered /home/tristan/.rvm/gems/ruby-2.3.0-stable/gems/web-console-2.3.0/lib/web_console/templates/_inner_console_markup.html.erb within layouts/inlined_string (0.3ms)
  Rendered /home/tristan/.rvm/gems/ruby-2.3.0-stable/gems/web-console-2.3.0/lib/web_console/templates/_prompt_box_markup.html.erb within layouts/inlined_string (0.4ms)
  Rendered /home/tristan/.rvm/gems/ruby-2.3.0-stable/gems/web-console-2.3.0/lib/web_console/templates/style.css.erb within layouts/inlined_string (0.3ms)
  Rendered /home/tristan/.rvm/gems/ruby-2.3.0-stable/gems/web-console-2.3.0/lib/web_console/templates/console.js.erb within layouts/javascript (19.5ms)
  Rendered /home/tristan/.rvm/gems/ruby-2.3.0-stable/gems/web-console-2.3.0/lib/web_console/templates/main.js.erb within layouts/javascript (0.3ms)
  Rendered /home/tristan/.rvm/gems/ruby-2.3.0-stable/gems/web-console-2.3.0/lib/web_console/templates/error_page.js.erb within layouts/javascript (0.4ms)
  Rendered /home/tristan/.rvm/gems/ruby-2.3.0-stable/gems/web-console-2.3.0/lib/web_console/templates/index.html.erb (36.5ms)


Started GET "/movies" for 127.0.0.1 at 2016-06-21 12:25:52 -0700

SyntaxError (/home/tristan/LHL/w5/rotten_mangoes/config/routes.rb:4: syntax error, unexpected tSTRING_BEG, expecting keyword_end
  root :to 'movies'
            ^):
  config/routes.rb:4: syntax error, unexpected tSTRING_BEG, expecting keyword_end


  Rendered /home/tristan/.rvm/gems/ruby-2.3.0-stable/gems/actionpack-4.2.6/lib/action_dispatch/middleware/templates/rescues/_source.erb (6.0ms)
  Rendered /home/tristan/.rvm/gems/ruby-2.3.0-stable/gems/actionpack-4.2.6/lib/action_dispatch/middleware/templates/rescues/_trace.html.erb (2.8ms)
  Rendered /home/tristan/.rvm/gems/ruby-2.3.0-stable/gems/actionpack-4.2.6/lib/action_dispatch/middleware/templates/rescues/_request_and_response.html.erb (1.0ms)
  Rendered /home/tristan/.rvm/gems/ruby-2.3.0-stable/gems/actionpack-4.2.6/lib/action_dispatch/middleware/templates/rescues/diagnostics.html.erb within rescues/layout (27.5ms)
  Rendered /home/tristan/.rvm/gems/ruby-2.3.0-stable/gems/web-console-2.3.0/lib/web_console/templates/_markup.html.erb (0.6ms)
  Rendered /home/tristan/.rvm/gems/ruby-2.3.0-stable/gems/web-console-2.3.0/lib/web_console/templates/_inner_console_markup.html.erb within layouts/inlined_string (0.3ms)
  Rendered /home/tristan/.rvm/gems/ruby-2.3.0-stable/gems/web-console-2.3.0/lib/web_console/templates/_prompt_box_markup.html.erb within layouts/inlined_string (0.2ms)
  Rendered /home/tristan/.rvm/gems/ruby-2.3.0-stable/gems/web-console-2.3.0/lib/web_console/templates/style.css.erb within layouts/inlined_string (0.2ms)
  Rendered /home/tristan/.rvm/gems/ruby-2.3.0-stable/gems/web-console-2.3.0/lib/web_console/templates/console.js.erb within layouts/javascript (13.7ms)
  Rendered /home/tristan/.rvm/gems/ruby-2.3.0-stable/gems/web-console-2.3.0/lib/web_console/templates/main.js.erb within layouts/javascript (0.5ms)
  Rendered /home/tristan/.rvm/gems/ruby-2.3.0-stable/gems/web-console-2.3.0/lib/web_console/templates/error_page.js.erb within layouts/javascript (0.4ms)
  Rendered /home/tristan/.rvm/gems/ruby-2.3.0-stable/gems/web-console-2.3.0/lib/web_console/templates/index.html.erb (30.6ms)


Started GET "/movies" for 127.0.0.1 at 2016-06-21 12:25:58 -0700

SyntaxError (/home/tristan/LHL/w5/rotten_mangoes/config/routes.rb:4: syntax error, unexpected tSTRING_BEG, expecting keyword_end
  root :to '/movies'
            ^):
  config/routes.rb:4: syntax error, unexpected tSTRING_BEG, expecting keyword_end


  Rendered /home/tristan/.rvm/gems/ruby-2.3.0-stable/gems/actionpack-4.2.6/lib/action_dispatch/middleware/templates/rescues/_source.erb (4.1ms)
  Rendered /home/tristan/.rvm/gems/ruby-2.3.0-stable/gems/actionpack-4.2.6/lib/action_dispatch/middleware/templates/rescues/_trace.html.erb (2.4ms)
  Rendered /home/tristan/.rvm/gems/ruby-2.3.0-stable/gems/actionpack-4.2.6/lib/action_dispatch/middleware/templates/rescues/_request_and_response.html.erb (1.0ms)
  Rendered /home/tristan/.rvm/gems/ruby-2.3.0-stable/gems/actionpack-4.2.6/lib/action_dispatch/middleware/templates/rescues/diagnostics.html.erb within rescues/layout (24.4ms)
  Rendered /home/tristan/.rvm/gems/ruby-2.3.0-stable/gems/web-console-2.3.0/lib/web_console/templates/_markup.html.erb (0.5ms)
  Rendered /home/tristan/.rvm/gems/ruby-2.3.0-stable/gems/web-console-2.3.0/lib/web_console/templates/_inner_console_markup.html.erb within layouts/inlined_string (0.4ms)
  Rendered /home/tristan/.rvm/gems/ruby-2.3.0-stable/gems/web-console-2.3.0/lib/web_console/templates/_prompt_box_markup.html.erb within layouts/inlined_string (0.3ms)
  Rendered /home/tristan/.rvm/gems/ruby-2.3.0-stable/gems/web-console-2.3.0/lib/web_console/templates/style.css.erb within layouts/inlined_string (0.3ms)
  Rendered /home/tristan/.rvm/gems/ruby-2.3.0-stable/gems/web-console-2.3.0/lib/web_console/templates/console.js.erb within layouts/javascript (17.4ms)
  Rendered /home/tristan/.rvm/gems/ruby-2.3.0-stable/gems/web-console-2.3.0/lib/web_console/templates/main.js.erb within layouts/javascript (0.4ms)
  Rendered /home/tristan/.rvm/gems/ruby-2.3.0-stable/gems/web-console-2.3.0/lib/web_console/templates/error_page.js.erb within layouts/javascript (0.5ms)
  Rendered /home/tristan/.rvm/gems/ruby-2.3.0-stable/gems/web-console-2.3.0/lib/web_console/templates/index.html.erb (35.1ms)


Started GET "/movies" for 127.0.0.1 at 2016-06-21 12:26:27 -0700

SyntaxError (/home/tristan/LHL/w5/rotten_mangoes/config/routes.rb:4: syntax error, unexpected tSTRING_BEG, expecting keyword_end
  root :to 'movies/index'
            ^):
  config/routes.rb:4: syntax error, unexpected tSTRING_BEG, expecting keyword_end


  Rendered /home/tristan/.rvm/gems/ruby-2.3.0-stable/gems/actionpack-4.2.6/lib/action_dispatch/middleware/templates/rescues/_source.erb (5.0ms)
  Rendered /home/tristan/.rvm/gems/ruby-2.3.0-stable/gems/actionpack-4.2.6/lib/action_dispatch/middleware/templates/rescues/_trace.html.erb (2.5ms)
  Rendered /home/tristan/.rvm/gems/ruby-2.3.0-stable/gems/actionpack-4.2.6/lib/action_dispatch/middleware/templates/rescues/_request_and_response.html.erb (1.3ms)
  Rendered /home/tristan/.rvm/gems/ruby-2.3.0-stable/gems/actionpack-4.2.6/lib/action_dispatch/middleware/templates/rescues/diagnostics.html.erb within rescues/layout (26.0ms)
  Rendered /home/tristan/.rvm/gems/ruby-2.3.0-stable/gems/web-console-2.3.0/lib/web_console/templates/_markup.html.erb (0.4ms)
  Rendered /home/tristan/.rvm/gems/ruby-2.3.0-stable/gems/web-console-2.3.0/lib/web_console/templates/_inner_console_markup.html.erb within layouts/inlined_string (0.4ms)
  Rendered /home/tristan/.rvm/gems/ruby-2.3.0-stable/gems/web-console-2.3.0/lib/web_console/templates/_prompt_box_markup.html.erb within layouts/inlined_string (0.2ms)
  Rendered /home/tristan/.rvm/gems/ruby-2.3.0-stable/gems/web-console-2.3.0/lib/web_console/templates/style.css.erb within layouts/inlined_string (0.3ms)
  Rendered /home/tristan/.rvm/gems/ruby-2.3.0-stable/gems/web-console-2.3.0/lib/web_console/templates/console.js.erb within layouts/javascript (20.6ms)
  Rendered /home/tristan/.rvm/gems/ruby-2.3.0-stable/gems/web-console-2.3.0/lib/web_console/templates/main.js.erb within layouts/javascript (0.3ms)
  Rendered /home/tristan/.rvm/gems/ruby-2.3.0-stable/gems/web-console-2.3.0/lib/web_console/templates/error_page.js.erb within layouts/javascript (0.4ms)
  Rendered /home/tristan/.rvm/gems/ruby-2.3.0-stable/gems/web-console-2.3.0/lib/web_console/templates/index.html.erb (37.6ms)


Started GET "/movies" for 127.0.0.1 at 2016-06-21 12:26:31 -0700

SyntaxError (/home/tristan/LHL/w5/rotten_mangoes/config/routes.rb:4: syntax error, unexpected tSTRING_BEG, expecting keyword_end
  root :to 'movies/'
            ^):
  config/routes.rb:4: syntax error, unexpected tSTRING_BEG, expecting keyword_end


  Rendered /home/tristan/.rvm/gems/ruby-2.3.0-stable/gems/actionpack-4.2.6/lib/action_dispatch/middleware/templates/rescues/_source.erb (7.0ms)
  Rendered /home/tristan/.rvm/gems/ruby-2.3.0-stable/gems/actionpack-4.2.6/lib/action_dispatch/middleware/templates/rescues/_trace.html.erb (2.2ms)
  Rendered /home/tristan/.rvm/gems/ruby-2.3.0-stable/gems/actionpack-4.2.6/lib/action_dispatch/middleware/templates/rescues/_request_and_response.html.erb (1.2ms)
  Rendered /home/tristan/.rvm/gems/ruby-2.3.0-stable/gems/actionpack-4.2.6/lib/action_dispatch/middleware/templates/rescues/diagnostics.html.erb within rescues/layout (33.0ms)
  Rendered /home/tristan/.rvm/gems/ruby-2.3.0-stable/gems/web-console-2.3.0/lib/web_console/templates/_markup.html.erb (0.6ms)
  Rendered /home/tristan/.rvm/gems/ruby-2.3.0-stable/gems/web-console-2.3.0/lib/web_console/templates/_inner_console_markup.html.erb within layouts/inlined_string (0.4ms)
  Rendered /home/tristan/.rvm/gems/ruby-2.3.0-stable/gems/web-console-2.3.0/lib/web_console/templates/_prompt_box_markup.html.erb within layouts/inlined_string (0.3ms)
  Rendered /home/tristan/.rvm/gems/ruby-2.3.0-stable/gems/web-console-2.3.0/lib/web_console/templates/style.css.erb within layouts/inlined_string (0.7ms)
  Rendered /home/tristan/.rvm/gems/ruby-2.3.0-stable/gems/web-console-2.3.0/lib/web_console/templates/console.js.erb within layouts/javascript (18.4ms)
  Rendered /home/tristan/.rvm/gems/ruby-2.3.0-stable/gems/web-console-2.3.0/lib/web_console/templates/main.js.erb within layouts/javascript (0.3ms)
  Rendered /home/tristan/.rvm/gems/ruby-2.3.0-stable/gems/web-console-2.3.0/lib/web_console/templates/error_page.js.erb within layouts/javascript (0.4ms)
  Rendered /home/tristan/.rvm/gems/ruby-2.3.0-stable/gems/web-console-2.3.0/lib/web_console/templates/index.html.erb (36.4ms)


Started GET "/movies" for 127.0.0.1 at 2016-06-21 12:26:35 -0700

SyntaxError (/home/tristan/LHL/w5/rotten_mangoes/config/routes.rb:4: syntax error, unexpected tSTRING_BEG, expecting keyword_end
  root :to 'movies'
            ^):
  config/routes.rb:4: syntax error, unexpected tSTRING_BEG, expecting keyword_end


  Rendered /home/tristan/.rvm/gems/ruby-2.3.0-stable/gems/actionpack-4.2.6/lib/action_dispatch/middleware/templates/rescues/_source.erb (4.3ms)
  Rendered /home/tristan/.rvm/gems/ruby-2.3.0-stable/gems/actionpack-4.2.6/lib/action_dispatch/middleware/templates/rescues/_trace.html.erb (3.2ms)
  Rendered /home/tristan/.rvm/gems/ruby-2.3.0-stable/gems/actionpack-4.2.6/lib/action_dispatch/middleware/templates/rescues/_request_and_response.html.erb (1.2ms)
  Rendered /home/tristan/.rvm/gems/ruby-2.3.0-stable/gems/actionpack-4.2.6/lib/action_dispatch/middleware/templates/rescues/diagnostics.html.erb within rescues/layout (25.7ms)
  Rendered /home/tristan/.rvm/gems/ruby-2.3.0-stable/gems/web-console-2.3.0/lib/web_console/templates/_markup.html.erb (0.3ms)
  Rendered /home/tristan/.rvm/gems/ruby-2.3.0-stable/gems/web-console-2.3.0/lib/web_console/templates/_inner_console_markup.html.erb within layouts/inlined_string (0.5ms)
  Rendered /home/tristan/.rvm/gems/ruby-2.3.0-stable/gems/web-console-2.3.0/lib/web_console/templates/_prompt_box_markup.html.erb within layouts/inlined_string (0.5ms)
  Rendered /home/tristan/.rvm/gems/ruby-2.3.0-stable/gems/web-console-2.3.0/lib/web_console/templates/style.css.erb within layouts/inlined_string (0.4ms)
  Rendered /home/tristan/.rvm/gems/ruby-2.3.0-stable/gems/web-console-2.3.0/lib/web_console/templates/console.js.erb within layouts/javascript (18.2ms)
  Rendered /home/tristan/.rvm/gems/ruby-2.3.0-stable/gems/web-console-2.3.0/lib/web_console/templates/main.js.erb within layouts/javascript (0.3ms)
  Rendered /home/tristan/.rvm/gems/ruby-2.3.0-stable/gems/web-console-2.3.0/lib/web_console/templates/error_page.js.erb within layouts/javascript (0.4ms)
  Rendered /home/tristan/.rvm/gems/ruby-2.3.0-stable/gems/web-console-2.3.0/lib/web_console/templates/index.html.erb (34.2ms)


Started GET "/movies" for 127.0.0.1 at 2016-06-21 12:26:51 -0700
DEPRECATION WARNING: Defining a route where `to` is a controller without an action is deprecated. Please change `to: 'movies'` to `controller: 'movies'`. (called from block in <top (required)> at /home/tristan/LHL/w5/rotten_mangoes/config/routes.rb:4)

ArgumentError (Missing :action key on routes definition, please check your routes.):
  config/routes.rb:4:in `block in <top (required)>'
  config/routes.rb:1:in `<top (required)>'


  Rendered /home/tristan/.rvm/gems/ruby-2.3.0-stable/gems/actionpack-4.2.6/lib/action_dispatch/middleware/templates/rescues/_source.erb (4.2ms)
  Rendered /home/tristan/.rvm/gems/ruby-2.3.0-stable/gems/actionpack-4.2.6/lib/action_dispatch/middleware/templates/rescues/_trace.html.erb (8.5ms)
  Rendered /home/tristan/.rvm/gems/ruby-2.3.0-stable/gems/actionpack-4.2.6/lib/action_dispatch/middleware/templates/rescues/_request_and_response.html.erb (0.9ms)
  Rendered /home/tristan/.rvm/gems/ruby-2.3.0-stable/gems/actionpack-4.2.6/lib/action_dispatch/middleware/templates/rescues/diagnostics.html.erb within rescues/layout (25.5ms)
  Rendered /home/tristan/.rvm/gems/ruby-2.3.0-stable/gems/web-console-2.3.0/lib/web_console/templates/_markup.html.erb (0.4ms)
  Rendered /home/tristan/.rvm/gems/ruby-2.3.0-stable/gems/web-console-2.3.0/lib/web_console/templates/_inner_console_markup.html.erb within layouts/inlined_string (0.3ms)
  Rendered /home/tristan/.rvm/gems/ruby-2.3.0-stable/gems/web-console-2.3.0/lib/web_console/templates/_prompt_box_markup.html.erb within layouts/inlined_string (0.3ms)
  Rendered /home/tristan/.rvm/gems/ruby-2.3.0-stable/gems/web-console-2.3.0/lib/web_console/templates/style.css.erb within layouts/inlined_string (0.3ms)
  Rendered /home/tristan/.rvm/gems/ruby-2.3.0-stable/gems/web-console-2.3.0/lib/web_console/templates/console.js.erb within layouts/javascript (14.6ms)
  Rendered /home/tristan/.rvm/gems/ruby-2.3.0-stable/gems/web-console-2.3.0/lib/web_console/templates/main.js.erb within layouts/javascript (0.3ms)
  Rendered /home/tristan/.rvm/gems/ruby-2.3.0-stable/gems/web-console-2.3.0/lib/web_console/templates/error_page.js.erb within layouts/javascript (0.3ms)
  Rendered /home/tristan/.rvm/gems/ruby-2.3.0-stable/gems/web-console-2.3.0/lib/web_console/templates/index.html.erb (29.6ms)


Started GET "/movies" for 127.0.0.1 at 2016-06-21 12:26:53 -0700
Processing by MoviesController#index as HTML
  [1m[36mMovie Load (0.2ms)[0m  [1mSELECT "movies".* FROM "movies"[0m
  Rendered movies/index.html.erb within layouts/application (9.2ms)
Completed 200 OK in 33ms (Views: 30.0ms | ActiveRecord: 0.2ms)


Started GET "/movies" for 127.0.0.1 at 2016-06-21 12:27:00 -0700
DEPRECATION WARNING: Defining a route where `to` is a controller without an action is deprecated. Please change `to: 'movies'` to `controller: 'movies'`. (called from block in <top (required)> at /home/tristan/LHL/w5/rotten_mangoes/config/routes.rb:4)

ArgumentError (Missing :action key on routes definition, please check your routes.):
  config/routes.rb:4:in `block in <top (required)>'
  config/routes.rb:1:in `<top (required)>'


  Rendered /home/tristan/.rvm/gems/ruby-2.3.0-stable/gems/actionpack-4.2.6/lib/action_dispatch/middleware/templates/rescues/_source.erb (4.6ms)
  Rendered /home/tristan/.rvm/gems/ruby-2.3.0-stable/gems/actionpack-4.2.6/lib/action_dispatch/middleware/templates/rescues/_trace.html.erb (2.3ms)
  Rendered /home/tristan/.rvm/gems/ruby-2.3.0-stable/gems/actionpack-4.2.6/lib/action_dispatch/middleware/templates/rescues/_request_and_response.html.erb (1.0ms)
  Rendered /home/tristan/.rvm/gems/ruby-2.3.0-stable/gems/actionpack-4.2.6/lib/action_dispatch/middleware/templates/rescues/diagnostics.html.erb within rescues/layout (21.9ms)
  Rendered /home/tristan/.rvm/gems/ruby-2.3.0-stable/gems/web-console-2.3.0/lib/web_console/templates/_markup.html.erb (0.3ms)
  Rendered /home/tristan/.rvm/gems/ruby-2.3.0-stable/gems/web-console-2.3.0/lib/web_console/templates/_inner_console_markup.html.erb within layouts/inlined_string (0.4ms)
  Rendered /home/tristan/.rvm/gems/ruby-2.3.0-stable/gems/web-console-2.3.0/lib/web_console/templates/_prompt_box_markup.html.erb within layouts/inlined_string (0.4ms)
  Rendered /home/tristan/.rvm/gems/ruby-2.3.0-stable/gems/web-console-2.3.0/lib/web_console/templates/style.css.erb within layouts/inlined_string (0.4ms)
  Rendered /home/tristan/.rvm/gems/ruby-2.3.0-stable/gems/web-console-2.3.0/lib/web_console/templates/console.js.erb within layouts/javascript (16.0ms)
  Rendered /home/tristan/.rvm/gems/ruby-2.3.0-stable/gems/web-console-2.3.0/lib/web_console/templates/main.js.erb within layouts/javascript (0.3ms)
  Rendered /home/tristan/.rvm/gems/ruby-2.3.0-stable/gems/web-console-2.3.0/lib/web_console/templates/error_page.js.erb within layouts/javascript (0.3ms)
  Rendered /home/tristan/.rvm/gems/ruby-2.3.0-stable/gems/web-console-2.3.0/lib/web_console/templates/index.html.erb (30.9ms)


Started GET "/movies" for 127.0.0.1 at 2016-06-21 12:27:06 -0700
DEPRECATION WARNING: Defining a route where `to` is a controller without an action is deprecated. Please change `to: 'movies'` to `controller: 'movies'`. (called from block in <top (required)> at /home/tristan/LHL/w5/rotten_mangoes/config/routes.rb:4)

ArgumentError (Missing :action key on routes definition, please check your routes.):
  config/routes.rb:4:in `block in <top (required)>'
  config/routes.rb:1:in `<top (required)>'


  Rendered /home/tristan/.rvm/gems/ruby-2.3.0-stable/gems/actionpack-4.2.6/lib/action_dispatch/middleware/templates/rescues/_source.erb (4.5ms)
  Rendered /home/tristan/.rvm/gems/ruby-2.3.0-stable/gems/actionpack-4.2.6/lib/action_dispatch/middleware/templates/rescues/_trace.html.erb (2.8ms)
  Rendered /home/tristan/.rvm/gems/ruby-2.3.0-stable/gems/actionpack-4.2.6/lib/action_dispatch/middleware/templates/rescues/_request_and_response.html.erb (0.9ms)
  Rendered /home/tristan/.rvm/gems/ruby-2.3.0-stable/gems/actionpack-4.2.6/lib/action_dispatch/middleware/templates/rescues/diagnostics.html.erb within rescues/layout (20.9ms)
  Rendered /home/tristan/.rvm/gems/ruby-2.3.0-stable/gems/web-console-2.3.0/lib/web_console/templates/_markup.html.erb (0.4ms)
  Rendered /home/tristan/.rvm/gems/ruby-2.3.0-stable/gems/web-console-2.3.0/lib/web_console/templates/_inner_console_markup.html.erb within layouts/inlined_string (0.3ms)
  Rendered /home/tristan/.rvm/gems/ruby-2.3.0-stable/gems/web-console-2.3.0/lib/web_console/templates/_prompt_box_markup.html.erb within layouts/inlined_string (0.4ms)
  Rendered /home/tristan/.rvm/gems/ruby-2.3.0-stable/gems/web-console-2.3.0/lib/web_console/templates/style.css.erb within layouts/inlined_string (0.4ms)
  Rendered /home/tristan/.rvm/gems/ruby-2.3.0-stable/gems/web-console-2.3.0/lib/web_console/templates/console.js.erb within layouts/javascript (14.5ms)
  Rendered /home/tristan/.rvm/gems/ruby-2.3.0-stable/gems/web-console-2.3.0/lib/web_console/templates/main.js.erb within layouts/javascript (0.4ms)
  Rendered /home/tristan/.rvm/gems/ruby-2.3.0-stable/gems/web-console-2.3.0/lib/web_console/templates/error_page.js.erb within layouts/javascript (0.3ms)
  Rendered /home/tristan/.rvm/gems/ruby-2.3.0-stable/gems/web-console-2.3.0/lib/web_console/templates/index.html.erb (29.3ms)


Started GET "/movies" for 127.0.0.1 at 2016-06-21 12:27:07 -0700
Processing by MoviesController#index as HTML
  [1m[35mMovie Load (0.3ms)[0m  SELECT "movies".* FROM "movies"
  Rendered movies/index.html.erb within layouts/application (8.6ms)
Completed 200 OK in 33ms (Views: 30.0ms | ActiveRecord: 0.3ms)


Started GET "/assets/movies.self-e3b0c44298fc1c149afbf4c8996fb92427ae41e4649b934ca495991b7852b855.css?body=1" for 127.0.0.1 at 2016-06-21 12:27:08 -0700


Started GET "/assets/application.self-e80e8f2318043e8af94dddc2adad5a4f09739a8ebb323b3ab31cd71d45fd9113.css?body=1" for 127.0.0.1 at 2016-06-21 12:27:08 -0700


Started GET "/assets/jquery_ujs.self-e87806d0cf4489aeb1bb7288016024e8de67fd18db693fe026fe3907581e53cd.js?body=1" for 127.0.0.1 at 2016-06-21 12:27:08 -0700


Started GET "/assets/movies.self-877aef30ae1b040ab8a3aba4e3e309a11d7f2612f44dde450b5c157aa5f95c05.js?body=1" for 127.0.0.1 at 2016-06-21 12:27:08 -0700


Started GET "/assets/turbolinks.self-c37727e9bd6b2735da5c311aa83fead54ed0be6cc8bd9a65309e9c5abe2cbfff.js?body=1" for 127.0.0.1 at 2016-06-21 12:27:08 -0700


Started GET "/assets/application.self-3b8dabdc891efe46b9a144b400ad69e37d7e5876bdc39dee783419a69d7ca819.js?body=1" for 127.0.0.1 at 2016-06-21 12:27:08 -0700


Started GET "/assets/jquery.self-660adc51e0224b731d29f575a6f1ec167ba08ad06ed5deca4f1e8654c135bf4c.js?body=1" for 127.0.0.1 at 2016-06-21 12:27:08 -0700


Started GET "/movies" for 127.0.0.1 at 2016-06-21 12:27:09 -0700
Processing by MoviesController#index as HTML
  [1m[36mMovie Load (0.4ms)[0m  [1mSELECT "movies".* FROM "movies"[0m
  Rendered movies/index.html.erb within layouts/application (2.8ms)
Completed 200 OK in 28ms (Views: 26.2ms | ActiveRecord: 0.4ms)


Started GET "/assets/movies.self-e3b0c44298fc1c149afbf4c8996fb92427ae41e4649b934ca495991b7852b855.css?body=1" for 127.0.0.1 at 2016-06-21 12:27:09 -0700


Started GET "/assets/application.self-e80e8f2318043e8af94dddc2adad5a4f09739a8ebb323b3ab31cd71d45fd9113.css?body=1" for 127.0.0.1 at 2016-06-21 12:27:09 -0700


Started GET "/assets/movies.self-877aef30ae1b040ab8a3aba4e3e309a11d7f2612f44dde450b5c157aa5f95c05.js?body=1" for 127.0.0.1 at 2016-06-21 12:27:09 -0700


Started GET "/assets/turbolinks.self-c37727e9bd6b2735da5c311aa83fead54ed0be6cc8bd9a65309e9c5abe2cbfff.js?body=1" for 127.0.0.1 at 2016-06-21 12:27:09 -0700


Started GET "/assets/jquery_ujs.self-e87806d0cf4489aeb1bb7288016024e8de67fd18db693fe026fe3907581e53cd.js?body=1" for 127.0.0.1 at 2016-06-21 12:27:09 -0700


Started GET "/assets/jquery.self-660adc51e0224b731d29f575a6f1ec167ba08ad06ed5deca4f1e8654c135bf4c.js?body=1" for 127.0.0.1 at 2016-06-21 12:27:09 -0700


Started GET "/assets/application.self-3b8dabdc891efe46b9a144b400ad69e37d7e5876bdc39dee783419a69d7ca819.js?body=1" for 127.0.0.1 at 2016-06-21 12:27:09 -0700


Started GET "/movies" for 127.0.0.1 at 2016-06-21 12:27:26 -0700
DEPRECATION WARNING: Defining a route where `to` is a controller without an action is deprecated. Please change `to: 'movies'` to `controller: 'movies'`. (called from block in <top (required)> at /home/tristan/LHL/w5/rotten_mangoes/config/routes.rb:4)

ArgumentError (Missing :action key on routes definition, please check your routes.):
  config/routes.rb:4:in `block in <top (required)>'
  config/routes.rb:1:in `<top (required)>'


  Rendered /home/tristan/.rvm/gems/ruby-2.3.0-stable/gems/actionpack-4.2.6/lib/action_dispatch/middleware/templates/rescues/_source.erb (4.9ms)
  Rendered /home/tristan/.rvm/gems/ruby-2.3.0-stable/gems/actionpack-4.2.6/lib/action_dispatch/middleware/templates/rescues/_trace.html.erb (8.6ms)
  Rendered /home/tristan/.rvm/gems/ruby-2.3.0-stable/gems/actionpack-4.2.6/lib/action_dispatch/middleware/templates/rescues/_request_and_response.html.erb (1.0ms)
  Rendered /home/tristan/.rvm/gems/ruby-2.3.0-stable/gems/actionpack-4.2.6/lib/action_dispatch/middleware/templates/rescues/diagnostics.html.erb within rescues/layout (29.7ms)
  Rendered /home/tristan/.rvm/gems/ruby-2.3.0-stable/gems/web-console-2.3.0/lib/web_console/templates/_markup.html.erb (0.7ms)
  Rendered /home/tristan/.rvm/gems/ruby-2.3.0-stable/gems/web-console-2.3.0/lib/web_console/templates/_inner_console_markup.html.erb within layouts/inlined_string (0.4ms)
  Rendered /home/tristan/.rvm/gems/ruby-2.3.0-stable/gems/web-console-2.3.0/lib/web_console/templates/_prompt_box_markup.html.erb within layouts/inlined_string (0.2ms)
  Rendered /home/tristan/.rvm/gems/ruby-2.3.0-stable/gems/web-console-2.3.0/lib/web_console/templates/style.css.erb within layouts/inlined_string (0.3ms)
  Rendered /home/tristan/.rvm/gems/ruby-2.3.0-stable/gems/web-console-2.3.0/lib/web_console/templates/console.js.erb within layouts/javascript (15.6ms)
  Rendered /home/tristan/.rvm/gems/ruby-2.3.0-stable/gems/web-console-2.3.0/lib/web_console/templates/main.js.erb within layouts/javascript (0.2ms)
  Rendered /home/tristan/.rvm/gems/ruby-2.3.0-stable/gems/web-console-2.3.0/lib/web_console/templates/error_page.js.erb within layouts/javascript (0.4ms)
  Rendered /home/tristan/.rvm/gems/ruby-2.3.0-stable/gems/web-console-2.3.0/lib/web_console/templates/index.html.erb (31.4ms)


Started GET "/movies" for 127.0.0.1 at 2016-06-21 12:27:28 -0700
Processing by MoviesController#index as HTML
  [1m[35mMovie Load (0.2ms)[0m  SELECT "movies".* FROM "movies"
  Rendered movies/index.html.erb within layouts/application (9.3ms)
Completed 200 OK in 33ms (Views: 29.9ms | ActiveRecord: 0.2ms)


Started GET "/assets/movies.self-e3b0c44298fc1c149afbf4c8996fb92427ae41e4649b934ca495991b7852b855.css?body=1" for 127.0.0.1 at 2016-06-21 12:27:28 -0700


Started GET "/assets/application.self-e80e8f2318043e8af94dddc2adad5a4f09739a8ebb323b3ab31cd71d45fd9113.css?body=1" for 127.0.0.1 at 2016-06-21 12:27:28 -0700


Started GET "/assets/jquery.self-660adc51e0224b731d29f575a6f1ec167ba08ad06ed5deca4f1e8654c135bf4c.js?body=1" for 127.0.0.1 at 2016-06-21 12:27:28 -0700


Started GET "/assets/turbolinks.self-c37727e9bd6b2735da5c311aa83fead54ed0be6cc8bd9a65309e9c5abe2cbfff.js?body=1" for 127.0.0.1 at 2016-06-21 12:27:28 -0700


Started GET "/assets/jquery_ujs.self-e87806d0cf4489aeb1bb7288016024e8de67fd18db693fe026fe3907581e53cd.js?body=1" for 127.0.0.1 at 2016-06-21 12:27:28 -0700


Started GET "/assets/movies.self-877aef30ae1b040ab8a3aba4e3e309a11d7f2612f44dde450b5c157aa5f95c05.js?body=1" for 127.0.0.1 at 2016-06-21 12:27:28 -0700


Started GET "/assets/application.self-3b8dabdc891efe46b9a144b400ad69e37d7e5876bdc39dee783419a69d7ca819.js?body=1" for 127.0.0.1 at 2016-06-21 12:27:28 -0700


Started GET "/movies" for 127.0.0.1 at 2016-06-21 12:27:29 -0700
Processing by MoviesController#index as HTML
  [1m[36mMovie Load (0.2ms)[0m  [1mSELECT "movies".* FROM "movies"[0m
  Rendered movies/index.html.erb within layouts/application (2.5ms)
Completed 200 OK in 29ms (Views: 27.3ms | ActiveRecord: 0.2ms)


Started GET "/assets/application.self-e80e8f2318043e8af94dddc2adad5a4f09739a8ebb323b3ab31cd71d45fd9113.css?body=1" for 127.0.0.1 at 2016-06-21 12:27:29 -0700


Started GET "/assets/movies.self-e3b0c44298fc1c149afbf4c8996fb92427ae41e4649b934ca495991b7852b855.css?body=1" for 127.0.0.1 at 2016-06-21 12:27:29 -0700


Started GET "/assets/jquery_ujs.self-e87806d0cf4489aeb1bb7288016024e8de67fd18db693fe026fe3907581e53cd.js?body=1" for 127.0.0.1 at 2016-06-21 12:27:29 -0700


Started GET "/assets/movies.self-877aef30ae1b040ab8a3aba4e3e309a11d7f2612f44dde450b5c157aa5f95c05.js?body=1" for 127.0.0.1 at 2016-06-21 12:27:29 -0700


Started GET "/assets/turbolinks.self-c37727e9bd6b2735da5c311aa83fead54ed0be6cc8bd9a65309e9c5abe2cbfff.js?body=1" for 127.0.0.1 at 2016-06-21 12:27:29 -0700


Started GET "/assets/jquery.self-660adc51e0224b731d29f575a6f1ec167ba08ad06ed5deca4f1e8654c135bf4c.js?body=1" for 127.0.0.1 at 2016-06-21 12:27:29 -0700


Started GET "/assets/application.self-3b8dabdc891efe46b9a144b400ad69e37d7e5876bdc39dee783419a69d7ca819.js?body=1" for 127.0.0.1 at 2016-06-21 12:27:29 -0700


Started GET "/movies" for 127.0.0.1 at 2016-06-21 12:27:31 -0700
DEPRECATION WARNING: Defining a route where `to` is a controller without an action is deprecated. Please change `to: 'movies'` to `controller: 'movies'`. (called from block in <top (required)> at /home/tristan/LHL/w5/rotten_mangoes/config/routes.rb:4)

ArgumentError (Missing :action key on routes definition, please check your routes.):
  config/routes.rb:4:in `block in <top (required)>'
  config/routes.rb:1:in `<top (required)>'


  Rendered /home/tristan/.rvm/gems/ruby-2.3.0-stable/gems/actionpack-4.2.6/lib/action_dispatch/middleware/templates/rescues/_source.erb (3.8ms)
  Rendered /home/tristan/.rvm/gems/ruby-2.3.0-stable/gems/actionpack-4.2.6/lib/action_dispatch/middleware/templates/rescues/_trace.html.erb (1.8ms)
  Rendered /home/tristan/.rvm/gems/ruby-2.3.0-stable/gems/actionpack-4.2.6/lib/action_dispatch/middleware/templates/rescues/_request_and_response.html.erb (0.9ms)
  Rendered /home/tristan/.rvm/gems/ruby-2.3.0-stable/gems/actionpack-4.2.6/lib/action_dispatch/middleware/templates/rescues/diagnostics.html.erb within rescues/layout (18.6ms)
  Rendered /home/tristan/.rvm/gems/ruby-2.3.0-stable/gems/web-console-2.3.0/lib/web_console/templates/_markup.html.erb (0.3ms)
  Rendered /home/tristan/.rvm/gems/ruby-2.3.0-stable/gems/web-console-2.3.0/lib/web_console/templates/_inner_console_markup.html.erb within layouts/inlined_string (0.4ms)
  Rendered /home/tristan/.rvm/gems/ruby-2.3.0-stable/gems/web-console-2.3.0/lib/web_console/templates/_prompt_box_markup.html.erb within layouts/inlined_string (0.3ms)
  Rendered /home/tristan/.rvm/gems/ruby-2.3.0-stable/gems/web-console-2.3.0/lib/web_console/templates/style.css.erb within layouts/inlined_string (0.3ms)
  Rendered /home/tristan/.rvm/gems/ruby-2.3.0-stable/gems/web-console-2.3.0/lib/web_console/templates/console.js.erb within layouts/javascript (14.9ms)
  Rendered /home/tristan/.rvm/gems/ruby-2.3.0-stable/gems/web-console-2.3.0/lib/web_console/templates/main.js.erb within layouts/javascript (0.3ms)
  Rendered /home/tristan/.rvm/gems/ruby-2.3.0-stable/gems/web-console-2.3.0/lib/web_console/templates/error_page.js.erb within layouts/javascript (0.4ms)
  Rendered /home/tristan/.rvm/gems/ruby-2.3.0-stable/gems/web-console-2.3.0/lib/web_console/templates/index.html.erb (28.7ms)


Started GET "/movies" for 127.0.0.1 at 2016-06-21 12:27:32 -0700
Processing by MoviesController#index as HTML
  [1m[35mMovie Load (0.2ms)[0m  SELECT "movies".* FROM "movies"
  Rendered movies/index.html.erb within layouts/application (8.4ms)
Completed 200 OK in 39ms (Views: 36.1ms | ActiveRecord: 0.2ms)


Started GET "/assets/movies.self-e3b0c44298fc1c149afbf4c8996fb92427ae41e4649b934ca495991b7852b855.css?body=1" for 127.0.0.1 at 2016-06-21 12:27:32 -0700


Started GET "/assets/application.self-e80e8f2318043e8af94dddc2adad5a4f09739a8ebb323b3ab31cd71d45fd9113.css?body=1" for 127.0.0.1 at 2016-06-21 12:27:32 -0700


Started GET "/assets/jquery_ujs.self-e87806d0cf4489aeb1bb7288016024e8de67fd18db693fe026fe3907581e53cd.js?body=1" for 127.0.0.1 at 2016-06-21 12:27:32 -0700


Started GET "/assets/turbolinks.self-c37727e9bd6b2735da5c311aa83fead54ed0be6cc8bd9a65309e9c5abe2cbfff.js?body=1" for 127.0.0.1 at 2016-06-21 12:27:32 -0700


Started GET "/assets/jquery.self-660adc51e0224b731d29f575a6f1ec167ba08ad06ed5deca4f1e8654c135bf4c.js?body=1" for 127.0.0.1 at 2016-06-21 12:27:32 -0700


Started GET "/assets/movies.self-877aef30ae1b040ab8a3aba4e3e309a11d7f2612f44dde450b5c157aa5f95c05.js?body=1" for 127.0.0.1 at 2016-06-21 12:27:32 -0700


Started GET "/assets/application.self-3b8dabdc891efe46b9a144b400ad69e37d7e5876bdc39dee783419a69d7ca819.js?body=1" for 127.0.0.1 at 2016-06-21 12:27:32 -0700


Started GET "/movies" for 127.0.0.1 at 2016-06-21 12:27:33 -0700
Processing by MoviesController#index as HTML
  [1m[36mMovie Load (0.4ms)[0m  [1mSELECT "movies".* FROM "movies"[0m
  Rendered movies/index.html.erb within layouts/application (2.6ms)
Completed 200 OK in 26ms (Views: 24.3ms | ActiveRecord: 0.4ms)


Started GET "/assets/movies.self-e3b0c44298fc1c149afbf4c8996fb92427ae41e4649b934ca495991b7852b855.css?body=1" for 127.0.0.1 at 2016-06-21 12:27:33 -0700


Started GET "/assets/jquery.self-660adc51e0224b731d29f575a6f1ec167ba08ad06ed5deca4f1e8654c135bf4c.js?body=1" for 127.0.0.1 at 2016-06-21 12:27:33 -0700


Started GET "/assets/turbolinks.self-c37727e9bd6b2735da5c311aa83fead54ed0be6cc8bd9a65309e9c5abe2cbfff.js?body=1" for 127.0.0.1 at 2016-06-21 12:27:33 -0700


Started GET "/assets/movies.self-877aef30ae1b040ab8a3aba4e3e309a11d7f2612f44dde450b5c157aa5f95c05.js?body=1" for 127.0.0.1 at 2016-06-21 12:27:33 -0700


Started GET "/assets/jquery_ujs.self-e87806d0cf4489aeb1bb7288016024e8de67fd18db693fe026fe3907581e53cd.js?body=1" for 127.0.0.1 at 2016-06-21 12:27:33 -0700


Started GET "/assets/application.self-e80e8f2318043e8af94dddc2adad5a4f09739a8ebb323b3ab31cd71d45fd9113.css?body=1" for 127.0.0.1 at 2016-06-21 12:27:33 -0700


Started GET "/assets/application.self-3b8dabdc891efe46b9a144b400ad69e37d7e5876bdc39dee783419a69d7ca819.js?body=1" for 127.0.0.1 at 2016-06-21 12:27:33 -0700


Started GET "/movies" for 127.0.0.1 at 2016-06-21 12:27:34 -0700
Processing by MoviesController#index as HTML
  [1m[35mMovie Load (0.2ms)[0m  SELECT "movies".* FROM "movies"
  Rendered movies/index.html.erb within layouts/application (1.5ms)
Completed 200 OK in 22ms (Views: 20.7ms | ActiveRecord: 0.2ms)


Started GET "/assets/movies.self-e3b0c44298fc1c149afbf4c8996fb92427ae41e4649b934ca495991b7852b855.css?body=1" for 127.0.0.1 at 2016-06-21 12:27:34 -0700


Started GET "/assets/turbolinks.self-c37727e9bd6b2735da5c311aa83fead54ed0be6cc8bd9a65309e9c5abe2cbfff.js?body=1" for 127.0.0.1 at 2016-06-21 12:27:34 -0700


Started GET "/assets/jquery.self-660adc51e0224b731d29f575a6f1ec167ba08ad06ed5deca4f1e8654c135bf4c.js?body=1" for 127.0.0.1 at 2016-06-21 12:27:34 -0700


Started GET "/assets/jquery_ujs.self-e87806d0cf4489aeb1bb7288016024e8de67fd18db693fe026fe3907581e53cd.js?body=1" for 127.0.0.1 at 2016-06-21 12:27:34 -0700


Started GET "/assets/application.self-e80e8f2318043e8af94dddc2adad5a4f09739a8ebb323b3ab31cd71d45fd9113.css?body=1" for 127.0.0.1 at 2016-06-21 12:27:34 -0700


Started GET "/assets/movies.self-877aef30ae1b040ab8a3aba4e3e309a11d7f2612f44dde450b5c157aa5f95c05.js?body=1" for 127.0.0.1 at 2016-06-21 12:27:34 -0700


Started GET "/assets/application.self-3b8dabdc891efe46b9a144b400ad69e37d7e5876bdc39dee783419a69d7ca819.js?body=1" for 127.0.0.1 at 2016-06-21 12:27:34 -0700


Started GET "/movies" for 127.0.0.1 at 2016-06-21 12:27:36 -0700
DEPRECATION WARNING: Defining a route where `to` is a controller without an action is deprecated. Please change `to: 'movies'` to `controller: 'movies'`. (called from block in <top (required)> at /home/tristan/LHL/w5/rotten_mangoes/config/routes.rb:4)

ArgumentError (Missing :action key on routes definition, please check your routes.):
  config/routes.rb:4:in `block in <top (required)>'
  config/routes.rb:1:in `<top (required)>'


  Rendered /home/tristan/.rvm/gems/ruby-2.3.0-stable/gems/actionpack-4.2.6/lib/action_dispatch/middleware/templates/rescues/_source.erb (5.1ms)
  Rendered /home/tristan/.rvm/gems/ruby-2.3.0-stable/gems/actionpack-4.2.6/lib/action_dispatch/middleware/templates/rescues/_trace.html.erb (2.1ms)
  Rendered /home/tristan/.rvm/gems/ruby-2.3.0-stable/gems/actionpack-4.2.6/lib/action_dispatch/middleware/templates/rescues/_request_and_response.html.erb (1.3ms)
  Rendered /home/tristan/.rvm/gems/ruby-2.3.0-stable/gems/actionpack-4.2.6/lib/action_dispatch/middleware/templates/rescues/diagnostics.html.erb within rescues/layout (21.6ms)
  Rendered /home/tristan/.rvm/gems/ruby-2.3.0-stable/gems/web-console-2.3.0/lib/web_console/templates/_markup.html.erb (0.3ms)
  Rendered /home/tristan/.rvm/gems/ruby-2.3.0-stable/gems/web-console-2.3.0/lib/web_console/templates/_inner_console_markup.html.erb within layouts/inlined_string (0.3ms)
  Rendered /home/tristan/.rvm/gems/ruby-2.3.0-stable/gems/web-console-2.3.0/lib/web_console/templates/_prompt_box_markup.html.erb within layouts/inlined_string (0.3ms)
  Rendered /home/tristan/.rvm/gems/ruby-2.3.0-stable/gems/web-console-2.3.0/lib/web_console/templates/style.css.erb within layouts/inlined_string (0.2ms)
  Rendered /home/tristan/.rvm/gems/ruby-2.3.0-stable/gems/web-console-2.3.0/lib/web_console/templates/console.js.erb within layouts/javascript (14.5ms)
  Rendered /home/tristan/.rvm/gems/ruby-2.3.0-stable/gems/web-console-2.3.0/lib/web_console/templates/main.js.erb within layouts/javascript (6.3ms)
  Rendered /home/tristan/.rvm/gems/ruby-2.3.0-stable/gems/web-console-2.3.0/lib/web_console/templates/error_page.js.erb within layouts/javascript (0.4ms)
  Rendered /home/tristan/.rvm/gems/ruby-2.3.0-stable/gems/web-console-2.3.0/lib/web_console/templates/index.html.erb (34.3ms)


Started GET "/movies" for 127.0.0.1 at 2016-06-21 12:27:38 -0700
Processing by MoviesController#index as HTML
  [1m[36mMovie Load (0.4ms)[0m  [1mSELECT "movies".* FROM "movies"[0m
  Rendered movies/index.html.erb within layouts/application (10.5ms)
Completed 200 OK in 34ms (Views: 30.5ms | ActiveRecord: 0.4ms)


Started GET "/assets/application.self-e80e8f2318043e8af94dddc2adad5a4f09739a8ebb323b3ab31cd71d45fd9113.css?body=1" for 127.0.0.1 at 2016-06-21 12:27:38 -0700


Started GET "/assets/movies.self-e3b0c44298fc1c149afbf4c8996fb92427ae41e4649b934ca495991b7852b855.css?body=1" for 127.0.0.1 at 2016-06-21 12:27:38 -0700


Started GET "/assets/jquery.self-660adc51e0224b731d29f575a6f1ec167ba08ad06ed5deca4f1e8654c135bf4c.js?body=1" for 127.0.0.1 at 2016-06-21 12:27:38 -0700


Started GET "/assets/jquery_ujs.self-e87806d0cf4489aeb1bb7288016024e8de67fd18db693fe026fe3907581e53cd.js?body=1" for 127.0.0.1 at 2016-06-21 12:27:38 -0700


Started GET "/assets/turbolinks.self-c37727e9bd6b2735da5c311aa83fead54ed0be6cc8bd9a65309e9c5abe2cbfff.js?body=1" for 127.0.0.1 at 2016-06-21 12:27:38 -0700


Started GET "/assets/movies.self-877aef30ae1b040ab8a3aba4e3e309a11d7f2612f44dde450b5c157aa5f95c05.js?body=1" for 127.0.0.1 at 2016-06-21 12:27:38 -0700


Started GET "/assets/application.self-3b8dabdc891efe46b9a144b400ad69e37d7e5876bdc39dee783419a69d7ca819.js?body=1" for 127.0.0.1 at 2016-06-21 12:27:38 -0700
DEPRECATION WARNING: Defining a route where `to` is a controller without an action is deprecated. Please change `to: 'movies'` to `controller: 'movies'`. (called from block in <top (required)> at /home/tristan/LHL/w5/rotten_mangoes/config/routes.rb:4)
DEPRECATION WARNING: Defining a route where `to` is a controller without an action is deprecated. Please change `to: 'movies'` to `controller: 'movies'`. (called from block in <top (required)> at /home/tristan/LHL/w5/rotten_mangoes/config/routes.rb:4)
DEPRECATION WARNING: Defining a route where `to` is a controller without an action is deprecated. Please change `to: 'movies'` to `controller: 'movies'`. (called from block in <top (required)> at /home/tristan/LHL/w5/rotten_mangoes/config/routes.rb:4)
DEPRECATION WARNING: Defining a route where `to` is a controller without an action is deprecated. Please change `to: 'movies'` to `controller: 'movies'`. (called from block in <top (required)> at /home/tristan/LHL/w5/rotten_mangoes/config/routes.rb:4)
DEPRECATION WARNING: Defining a route where `to` is a controller without an action is deprecated. Please change `to: 'movies'` to `controller: 'movies'`. (called from block in <top (required)> at /home/tristan/LHL/w5/rotten_mangoes/config/routes.rb:4)


Started GET "/" for 127.0.0.1 at 2016-06-21 12:39:32 -0700
  [1m[36mActiveRecord::SchemaMigration Load (0.1ms)[0m  [1mSELECT "schema_migrations".* FROM "schema_migrations"[0m
Processing by Rails::WelcomeController#index as HTML
  Rendered /home/tristan/.rvm/gems/ruby-2.3.0-stable/gems/railties-4.2.6/lib/rails/templates/rails/welcome/index.html.erb (1.1ms)
Completed 200 OK in 15ms (Views: 7.1ms | ActiveRecord: 0.0ms)


Started GET "/movies" for 127.0.0.1 at 2016-06-21 12:39:38 -0700
Processing by MoviesController#index as HTML
  [1m[35mMovie Load (0.2ms)[0m  SELECT "movies".* FROM "movies"
  Rendered movies/index.html.erb within layouts/application (10.4ms)
Completed 200 OK in 231ms (Views: 227.5ms | ActiveRecord: 0.6ms)


Started GET "/" for 127.0.0.1 at 2016-06-21 12:40:41 -0700
  [1m[36mActiveRecord::SchemaMigration Load (0.2ms)[0m  [1mSELECT "schema_migrations".* FROM "schema_migrations"[0m
Processing by MoviesController#index as HTML
  [1m[35mMovie Load (0.1ms)[0m  SELECT "movies".* FROM "movies"
  Rendered movies/index.html.erb within layouts/application (8.9ms)
Completed 200 OK in 238ms (Views: 228.8ms | ActiveRecord: 0.4ms)


Started GET "/assets/movies.self-e3b0c44298fc1c149afbf4c8996fb92427ae41e4649b934ca495991b7852b855.css?body=1" for 127.0.0.1 at 2016-06-21 12:40:42 -0700


Started GET "/assets/application.self-e80e8f2318043e8af94dddc2adad5a4f09739a8ebb323b3ab31cd71d45fd9113.css?body=1" for 127.0.0.1 at 2016-06-21 12:40:42 -0700


Started GET "/assets/turbolinks.self-c37727e9bd6b2735da5c311aa83fead54ed0be6cc8bd9a65309e9c5abe2cbfff.js?body=1" for 127.0.0.1 at 2016-06-21 12:40:42 -0700


Started GET "/assets/jquery_ujs.self-e87806d0cf4489aeb1bb7288016024e8de67fd18db693fe026fe3907581e53cd.js?body=1" for 127.0.0.1 at 2016-06-21 12:40:42 -0700


Started GET "/assets/movies.self-877aef30ae1b040ab8a3aba4e3e309a11d7f2612f44dde450b5c157aa5f95c05.js?body=1" for 127.0.0.1 at 2016-06-21 12:40:42 -0700


Started GET "/assets/jquery.self-660adc51e0224b731d29f575a6f1ec167ba08ad06ed5deca4f1e8654c135bf4c.js?body=1" for 127.0.0.1 at 2016-06-21 12:40:42 -0700


Started GET "/assets/application.self-3b8dabdc891efe46b9a144b400ad69e37d7e5876bdc39dee783419a69d7ca819.js?body=1" for 127.0.0.1 at 2016-06-21 12:40:42 -0700
